<?xml version="1.0" encoding="UTF-8"?>
<!-- Generated by org.testng.reporters.JUnitReportReporter -->
<testsuite skipped="0" hostname="LAPTOP-Anushra" name="testCases.ForPractice" tests="1" failures="0" timestamp="2022-06-09T21:14:32 IST" time="68.266" errors="0">
  <testcase name="abc" time="68.266" classname="testCases.ForPractice"/>
  <system-out/>
</testsuite> <!-- testCases.ForPractice -->
